c:\users\edz\downloads\mobilemediatools\windows\debug\main.obj
c:\users\edz\downloads\mobilemediatools\windows\debug\hwcpipe.obj
c:\users\edz\downloads\mobilemediatools\windows\debug\hwceventbus.obj
c:\users\edz\downloads\mobilemediatools\windows\debug\hwcpipenoderegister.obj
c:\users\edz\downloads\mobilemediatools\windows\debug\hwcmp4muxernode.obj
c:\users\edz\downloads\mobilemediatools\windows\debug\hwch264encodernode.obj
c:\users\edz\downloads\mobilemediatools\windows\debug\windows.obj
c:\users\edz\downloads\mobilemediatools\windows\debug\hwcvideostreamprocessnode.obj
c:\users\edz\downloads\mobilemediatools\windows\debug\hwcaudiodenoisenode.obj
c:\users\edz\downloads\mobilemediatools\windows\debug\hwcmp3encodernode.obj
c:\users\edz\downloads\mobilemediatools\windows\debug\hwcpipeparser.obj
c:\users\edz\downloads\mobilemediatools\windows\debug\hwcpipeinfo.obj
c:\users\edz\downloads\mobilemediatools\windows\debug\vc140.pdb
c:\users\edz\downloads\mobilemediatools\windows\debug\qrc_windows.obj
c:\users\edz\downloads\mobilemediatools\windows\debug\moc_windows.obj
c:\users\edz\downloads\mobilemediatools\windows\debug\windows.ilk
c:\users\edz\downloads\mobilemediatools\windows\debug\windows.exe
c:\users\edz\downloads\mobilemediatools\windows\debug\windows.pdb
c:\users\edz\downloads\mobilemediatools\windows\debug\moc\moc_windows.cpp
c:\users\edz\downloads\mobilemediatools\windows\debug\rcc\qrc_windows.cpp
c:\users\edz\downloads\mobilemediatools\windows\debug\uic\ui_windows.h
c:\users\edz\downloads\mobilemediatools\windows\debug\windows.tlog\cl.command.1.tlog
c:\users\edz\downloads\mobilemediatools\windows\debug\windows.tlog\cl.read.1.tlog
c:\users\edz\downloads\mobilemediatools\windows\debug\windows.tlog\cl.write.1.tlog
c:\users\edz\downloads\mobilemediatools\windows\debug\windows.tlog\link.command.1.tlog
c:\users\edz\downloads\mobilemediatools\windows\debug\windows.tlog\link.read.1.tlog
c:\users\edz\downloads\mobilemediatools\windows\debug\windows.tlog\link.write.1.tlog
c:\users\edz\downloads\mobilemediatools\windows\debug\windows.tlog\moc.read.1u.tlog
c:\users\edz\downloads\mobilemediatools\windows\debug\windows.tlog\moc.write.1u.tlog
c:\users\edz\downloads\mobilemediatools\windows\debug\windows.tlog\rcc.read.1u.tlog
c:\users\edz\downloads\mobilemediatools\windows\debug\windows.tlog\rcc.write.1u.tlog
c:\users\edz\downloads\mobilemediatools\windows\debug\windows.tlog\uic.read.1u.tlog
c:\users\edz\downloads\mobilemediatools\windows\debug\windows.tlog\uic.write.1u.tlog
c:\users\edz\downloads\mobilemediatools\windows\debug\windows.tlog\windows.write.1u.tlog
